BOSCH
FERRAR
FERRARI
MASERATI
LAMBORGHINI
PORSCHE
AUDI
BMW
MERCEDES
VOLKSWAGEN
FIAT
ALFA ROMEO
MCLAREN
MED
ME7_
EDS5
MOTRONIC
JETTR
EDC 16.7
MVB 7
ECT
ENGINE
GB
TRANSMISSION
ABS
ESP
AIRBAG
CLIMATE
AC
EPAS
EPS
TPS
MAF
IAT
CTOS
ENGITE
O2S
CAM
CRp
VDC
INJ
FULU
IGP
TIMING
KNOCK
VCC
VE
TORQUE
QUOIR
CONFIG
CALIB
PARAM
BLOCK
MAPS
TABLE
MEMORY
EVENTS
DEF_
SET
LUT
MODE
LIMIT
RPM
VALVE
TUNE
OFFSET
RATE
BOOST
BRAKE
MPH
KP/H
S0
TRIM
FUE
EMISS
LAMBDA
TEMP
EXXX_V
PX0
FC_V
FERM
FB90
TMP0
FRMW
PWD
FBRC
FDIAG
FCAL
PART_NO
SERIAL_NO
FCS_V0
VIN_
